app/build/intermediates/manifest_merge_blame_file/debug/manifest-merger-blame-debug-report.txt
1<?xml version="1.0" encoding="utf-8"?>
2<manifest xmlns:android="http://schemas.android.com/apk/res/android"
3    package="com.example.smartcalendar"
4    android:versionCode="1"
5    android:versionName="1.0" >
6
7    <uses-sdk
8        android:minSdkVersion="19"
8-->src\main\AndroidManifest.xml
9        android:targetSdkVersion="29" />
9-->src\main\AndroidManifest.xml
10
11    <!-- Although the *SdkVersion is captured in gradle build files, this is required for non gradle builds -->
12    <!-- <uses-sdk android:minSdkVersion="14"/> -->
13    <uses-permission android:name="android.permission.ACCESS_NETWORK_STATE" />
13-->[com.google.firebase:firebase-database:19.2.0] AndroidManifest.xml:25:5-79
13-->[com.google.firebase:firebase-database:19.2.0] AndroidManifest.xml:25:22-76
14    <uses-permission android:name="android.permission.INTERNET" />
14-->[com.google.firebase:firebase-database:19.2.0] AndroidManifest.xml:26:5-67
14-->[com.google.firebase:firebase-database:19.2.0] AndroidManifest.xml:26:22-64
15
16    <application
16-->src\main\AndroidManifest.xml:5:5-27:19
17        android:allowBackup="true"
17-->src\main\AndroidManifest.xml:6:9-35
18        android:appComponentFactory="androidx.core.app.CoreComponentFactory"
18-->[androidx.core:core:1.1.0] AndroidManifest.xml:24:18-86
19        android:debuggable="true"
20        android:icon="@mipmap/ic_launcher"
20-->src\main\AndroidManifest.xml:7:9-43
21        android:label="@string/app_name"
21-->src\main\AndroidManifest.xml:8:9-41
22        android:roundIcon="@mipmap/ic_launcher_round"
22-->src\main\AndroidManifest.xml:9:9-54
23        android:supportsRtl="true"
23-->src\main\AndroidManifest.xml:10:9-35
24        android:testOnly="true"
25        android:theme="@style/AppTheme" >
25-->src\main\AndroidManifest.xml:11:9-40
26        <activity android:name="com.example.smartcalendar.ShowTasksActivity" />
26-->src\main\AndroidManifest.xml:12:9-55
26-->src\main\AndroidManifest.xml:12:19-52
27        <activity android:name="com.example.smartcalendar.AccountActivity" />
27-->src\main\AndroidManifest.xml:13:9-53
27-->src\main\AndroidManifest.xml:13:19-50
28        <activity android:name="com.example.smartcalendar.TaskAddActivity" />
28-->src\main\AndroidManifest.xml:14:9-53
28-->src\main\AndroidManifest.xml:14:19-50
29        <activity android:name="com.example.smartcalendar.CalendarActivity" />
29-->src\main\AndroidManifest.xml:15:9-54
29-->src\main\AndroidManifest.xml:15:19-51
30        <activity android:name="com.example.smartcalendar.LoginActivity" />
30-->src\main\AndroidManifest.xml:16:9-51
30-->src\main\AndroidManifest.xml:16:19-48
31        <activity android:name="com.example.smartcalendar.MainActivity" >
31-->src\main\AndroidManifest.xml:17:9-23:20
31-->src\main\AndroidManifest.xml:17:19-47
32            <intent-filter>
32-->src\main\AndroidManifest.xml:18:13-22:29
33                <action android:name="android.intent.action.MAIN" />
33-->src\main\AndroidManifest.xml:19:17-69
33-->src\main\AndroidManifest.xml:19:25-66
34
35                <category android:name="android.intent.category.LAUNCHER" />
35-->src\main\AndroidManifest.xml:21:17-77
35-->src\main\AndroidManifest.xml:21:27-74
36            </intent-filter>
37        </activity>
38
39        <receiver
39-->src\main\AndroidManifest.xml:24:9-26:38
40            android:name="com.example.smartcalendar.AlarmReceiver"
40-->src\main\AndroidManifest.xml:24:19-48
41            android:enabled="true"
41-->src\main\AndroidManifest.xml:25:13-35
42            android:exported="true" />
42-->src\main\AndroidManifest.xml:26:13-36
43
44        <service
44-->[com.google.firebase:firebase-database:19.2.0] AndroidManifest.xml:29:9-35:19
45            android:name="com.google.firebase.components.ComponentDiscoveryService"
45-->[com.google.firebase:firebase-database:19.2.0] AndroidManifest.xml:30:13-84
46            android:directBootAware="true"
46-->[com.google.firebase:firebase-common:19.2.0] AndroidManifest.xml:15:13-43
47            android:exported="false" >
47-->[com.google.firebase:firebase-database:19.2.0] AndroidManifest.xml:31:13-37
48            <meta-data
48-->[com.google.firebase:firebase-database:19.2.0] AndroidManifest.xml:32:13-34:85
49                android:name="com.google.firebase.components:com.google.firebase.database.DatabaseRegistrar"
49-->[com.google.firebase:firebase-database:19.2.0] AndroidManifest.xml:33:17-109
50                android:value="com.google.firebase.components.ComponentRegistrar" />
50-->[com.google.firebase:firebase-database:19.2.0] AndroidManifest.xml:34:17-82
51            <meta-data
51-->[com.google.firebase:firebase-auth:19.1.0] AndroidManifest.xml:36:13-38:85
52                android:name="com.google.firebase.components:com.google.firebase.auth.FirebaseAuthRegistrar"
52-->[com.google.firebase:firebase-auth:19.1.0] AndroidManifest.xml:37:17-109
53                android:value="com.google.firebase.components.ComponentRegistrar" />
53-->[com.google.firebase:firebase-auth:19.1.0] AndroidManifest.xml:38:17-82
54        </service>
55
56        <activity
56-->[com.google.firebase:firebase-auth:19.1.0] AndroidManifest.xml:24:9-31:50
57            android:name="com.google.firebase.auth.internal.FederatedSignInActivity"
57-->[com.google.firebase:firebase-auth:19.1.0] AndroidManifest.xml:25:13-85
58            android:excludeFromRecents="true"
58-->[com.google.firebase:firebase-auth:19.1.0] AndroidManifest.xml:26:13-46
59            android:exported="true"
59-->[com.google.firebase:firebase-auth:19.1.0] AndroidManifest.xml:27:13-36
60            android:launchMode="singleTask"
60-->[com.google.firebase:firebase-auth:19.1.0] AndroidManifest.xml:28:13-44
61            android:permission="com.google.firebase.auth.api.gms.permission.LAUNCH_FEDERATED_SIGN_IN"
61-->[com.google.firebase:firebase-auth:19.1.0] AndroidManifest.xml:29:13-102
62            android:theme="@android:style/Theme.Translucent.NoTitleBar" />
62-->[com.google.firebase:firebase-auth:19.1.0] AndroidManifest.xml:30:13-72
63        <activity
63-->[com.google.android.gms:play-services-auth:17.0.0] AndroidManifest.xml:23:9-27:75
64            android:name="com.google.android.gms.auth.api.signin.internal.SignInHubActivity"
64-->[com.google.android.gms:play-services-auth:17.0.0] AndroidManifest.xml:24:13-93
65            android:excludeFromRecents="true"
65-->[com.google.android.gms:play-services-auth:17.0.0] AndroidManifest.xml:25:13-46
66            android:exported="false"
66-->[com.google.android.gms:play-services-auth:17.0.0] AndroidManifest.xml:26:13-37
67            android:theme="@android:style/Theme.Translucent.NoTitleBar" />
67-->[com.google.android.gms:play-services-auth:17.0.0] AndroidManifest.xml:27:13-72
68        <!--
69            Service handling Google Sign-In user revocation. For apps that do not integrate with
70            Google Sign-In, this service will never be started.
71        -->
72        <service
72-->[com.google.android.gms:play-services-auth:17.0.0] AndroidManifest.xml:33:9-36:110
73            android:name="com.google.android.gms.auth.api.signin.RevocationBoundService"
73-->[com.google.android.gms:play-services-auth:17.0.0] AndroidManifest.xml:34:13-89
74            android:exported="true"
74-->[com.google.android.gms:play-services-auth:17.0.0] AndroidManifest.xml:35:13-36
75            android:permission="com.google.android.gms.auth.api.signin.permission.REVOCATION_NOTIFICATION" />
75-->[com.google.android.gms:play-services-auth:17.0.0] AndroidManifest.xml:36:13-107
76
77        <provider
77-->[com.google.firebase:firebase-common:19.2.0] AndroidManifest.xml:19:9-23:39
78            android:name="com.google.firebase.provider.FirebaseInitProvider"
78-->[com.google.firebase:firebase-common:19.2.0] AndroidManifest.xml:20:13-77
79            android:authorities="com.example.smartcalendar.firebaseinitprovider"
79-->[com.google.firebase:firebase-common:19.2.0] AndroidManifest.xml:21:13-72
80            android:exported="false"
80-->[com.google.firebase:firebase-common:19.2.0] AndroidManifest.xml:22:13-37
81            android:initOrder="100" />
81-->[com.google.firebase:firebase-common:19.2.0] AndroidManifest.xml:23:13-36
82
83        <activity
83-->[com.google.android.gms:play-services-base:17.1.0] AndroidManifest.xml:23:9-26:75
84            android:name="com.google.android.gms.common.api.GoogleApiActivity"
84-->[com.google.android.gms:play-services-base:17.1.0] AndroidManifest.xml:24:13-79
85            android:exported="false"
85-->[com.google.android.gms:play-services-base:17.1.0] AndroidManifest.xml:25:13-37
86            android:theme="@android:style/Theme.Translucent.NoTitleBar" />
86-->[com.google.android.gms:play-services-base:17.1.0] AndroidManifest.xml:26:13-72
87
88        <meta-data
88-->[com.google.android.gms:play-services-basement:17.0.0] AndroidManifest.xml:23:9-25:69
89            android:name="com.google.android.gms.version"
89-->[com.google.android.gms:play-services-basement:17.0.0] AndroidManifest.xml:24:13-58
90            android:value="@integer/google_play_services_version" />
90-->[com.google.android.gms:play-services-basement:17.0.0] AndroidManifest.xml:25:13-66
91    </application>
92
93</manifest>